<?xml version="1.0" encoding="UTF-8"?>
<!-- Generated by org.testng.reporters.JUnitReportReporter -->
<testsuite skipped="0" hostname="DESKTOP-GCO8KQM" name="com.actitime.testscript.testDemo" tests="2" failures="0" timestamp="2023-05-05T15:44:19 IST" time="0.021" errors="0">
  <testcase name="testDemo1" time="0.016" classname="com.actitime.testscript.testDemo"/>
  <system-out>
    <![CDATA[welcome to testNG]]>
  </system-out>
  <testcase name="testDemo2" time="0.005" classname="com.actitime.testscript.testDemo"/>
  <system-out>
    <![CDATA[abcds]]>
  </system-out>
</testsuite> <!-- com.actitime.testscript.testDemo -->
