<?xml version="1.0" encoding="UTF-8"?>
<!-- Generated by org.testng.reporters.JUnitReportReporter -->
<testsuite skipped="0" hostname="DESKTOP-GCO8KQM" name="com.actitime.testscript.customerModule" tests="7" failures="0" timestamp="2023-04-28T11:43:34 IST" time="0.019" errors="0">
  <testcase name="abc" time="0.001" classname="com.actitime.testscript.customerModule"/>
  <system-out>
    <![CDATA[saikumar]]>
  </system-out>
  <testcase name="abc" time="0.002" classname="com.actitime.testscript.customerModule"/>
  <system-out>
    <![CDATA[saikumar]]>
  </system-out>
  <testcase name="abc" time="0.007" classname="com.actitime.testscript.customerModule"/>
  <system-out>
    <![CDATA[saikumar]]>
  </system-out>
  <testcase name="xnxx" time="0.002" classname="com.actitime.testscript.customerModule"/>
  <system-out>
    <![CDATA[somu]]>
  </system-out>
  <testcase name="xnxx" time="0.002" classname="com.actitime.testscript.customerModule"/>
  <system-out>
    <![CDATA[somu]]>
  </system-out>
  <testcase name="xnxx" time="0.003" classname="com.actitime.testscript.customerModule"/>
  <system-out>
    <![CDATA[somu]]>
  </system-out>
  <testcase name="bca" time="0.002" classname="com.actitime.testscript.customerModule"/>
  <system-out>
    <![CDATA[nikitha]]>
  </system-out>
</testsuite> <!-- com.actitime.testscript.customerModule -->
